Using pre-set license
Built from '2022.3/staging' branch; Version is '2022.3.8f1 (b5eafc012955) revision 11922172'; Using compiler version '192829333'; Build Type 'Release'
OS: 'Windows 10  (10.0.19045) 64bit Professional' Language: 'en' Physical Memory: 32689 MB
BatchMode: 1, IsHumanControllingUs: 0, StartBugReporterOnCrash: 0, Is64bit: 1, IsPro: 1

COMMAND LINE ARGUMENTS:
C:\Program Files\Unity\Hub\Editor\2022.3.8f1\Editor\Unity.exe
-adb2
-batchMode
-noUpm
-name
AssetImportWorker0
-projectPath
D:/Profile Redirect/reross1/Desktop/RR_Mickey2D/Mickey2D
-logFile
Logs/AssetImportWorker0.log
-srvPort
53493
Successfully changed project path to: D:/Profile Redirect/reross1/Desktop/RR_Mickey2D/Mickey2D
D:/Profile Redirect/reross1/Desktop/RR_Mickey2D/Mickey2D
[UnityMemory] Configuration Parameters - Can be set up in boot.config
    "memorysetup-bucket-allocator-granularity=16"
    "memorysetup-bucket-allocator-bucket-count=8"
    "memorysetup-bucket-allocator-block-size=33554432"
    "memorysetup-bucket-allocator-block-count=8"
    "memorysetup-main-allocator-block-size=16777216"
    "memorysetup-thread-allocator-block-size=16777216"
    "memorysetup-gfx-main-allocator-block-size=16777216"
    "memorysetup-gfx-thread-allocator-block-size=16777216"
    "memorysetup-cache-allocator-block-size=4194304"
    "memorysetup-typetree-allocator-block-size=2097152"
    "memorysetup-profiler-bucket-allocator-granularity=16"
    "memorysetup-profiler-bucket-allocator-bucket-count=8"
    "memorysetup-profiler-bucket-allocator-block-size=33554432"
    "memorysetup-profiler-bucket-allocator-block-count=8"
    "memorysetup-profiler-allocator-block-size=16777216"
    "memorysetup-profiler-editor-allocator-block-size=1048576"
    "memorysetup-temp-allocator-size-main=16777216"
    "memorysetup-job-temp-allocator-block-size=2097152"
    "memorysetup-job-temp-allocator-block-size-background=1048576"
    "memorysetup-job-temp-allocator-reduction-small-platforms=262144"
    "memorysetup-allocator-temp-initial-block-size-main=262144"
    "memorysetup-allocator-temp-initial-block-size-worker=262144"
    "memorysetup-temp-allocator-size-background-worker=32768"
    "memorysetup-temp-allocator-size-job-worker=262144"
    "memorysetup-temp-allocator-size-preload-manager=33554432"
    "memorysetup-temp-allocator-size-nav-mesh-worker=65536"
    "memorysetup-temp-allocator-size-audio-worker=65536"
    "memorysetup-temp-allocator-size-cloud-worker=32768"
    "memorysetup-temp-allocator-size-gi-baking-worker=262144"
    "memorysetup-temp-allocator-size-gfx=262144"
Player connection [13712] Host "[IP] 10.40.14.19 [Port] 0 [Flags] 2 [Guid] 3144973820 [EditorId] 3144973820 [Version] 1048832 [Id] WindowsEditor(7,AD400-10) [Debug] 1 [PackageName] WindowsEditor [ProjectName] Editor" joined multi-casting on [225.0.0.222:54997]...

Player connection [13712] Host "[IP] 10.40.14.19 [Port] 0 [Flags] 2 [Guid] 3144973820 [EditorId] 3144973820 [Version] 1048832 [Id] WindowsEditor(7,AD400-10) [Debug] 1 [PackageName] WindowsEditor [ProjectName] Editor" joined alternative multi-casting on [225.0.0.222:34997]...

[Physics::Module] Initialized MultithreadedJobDispatcher with 23 workers.
Refreshing native plugins compatible for Editor in 19.04 ms, found 4 plugins.
Preloading 0 native plugins for Editor in 0.00 ms.
Initialize engine version: 2022.3.8f1 (b5eafc012955)
[Subsystems] Discovering subsystems at path C:/Program Files/Unity/Hub/Editor/2022.3.8f1/Editor/Data/Resources/UnitySubsystems
[Subsystems] Discovering subsystems at path D:/Profile Redirect/reross1/Desktop/RR_Mickey2D/Mickey2D/Assets
GfxDevice: creating device client; threaded=0; jobified=0
Direct3D:
    Version:  Direct3D 11.0 [level 11.1]
    Renderer: NVIDIA GeForce GTX 1080 (ID=0x1b80)
    Vendor:   NVIDIA
    VRAM:     8072 MB
    Driver:   31.0.15.3742
Initialize mono
Mono path[0] = 'C:/Program Files/Unity/Hub/Editor/2022.3.8f1/Editor/Data/Managed'
Mono path[1] = 'C:/Program Files/Unity/Hub/Editor/2022.3.8f1/Editor/Data/MonoBleedingEdge/lib/mono/unityjit-win32'
Mono config path = 'C:/Program Files/Unity/Hub/Editor/2022.3.8f1/Editor/Data/MonoBleedingEdge/etc'
Using monoOptions --debugger-agent=transport=dt_socket,embedding=1,server=y,suspend=n,address=127.0.0.1:56084
Begin MonoManager ReloadAssembly
Registering precompiled unity dll's ...
Register platform support module: C:/Program Files/Unity/Hub/Editor/2022.3.8f1/Editor/Data/PlaybackEngines/WindowsStandaloneSupport/UnityEditor.WindowsStandalone.Extensions.dll
Register platform support module: C:/Program Files/Unity/Hub/Editor/2022.3.8f1/Editor/Data/PlaybackEngines/MetroSupport/UnityEditor.UWP.Extensions.dll
Registered in 0.014972 seconds.
- Loaded All Assemblies, in  0.617 seconds
Native extension for UWP target not found
Native extension for WindowsStandalone target not found
Mono: successfully reloaded assembly
- Finished resetting the current domain, in  0.469 seconds
Domain Reload Profiling: 1085ms
	BeginReloadAssembly (187ms)
		ExecutionOrderSort (0ms)
		DisableScriptedObjects (0ms)
		BackupInstance (0ms)
		ReleaseScriptingObjects (0ms)
		CreateAndSetChildDomain (1ms)
	RebuildCommonClasses (67ms)
	RebuildNativeTypeToScriptingClass (20ms)
	initialDomainReloadingComplete (99ms)
	LoadAllAssembliesAndSetupDomain (242ms)
		LoadAssemblies (185ms)
		RebuildTransferFunctionScriptingTraits (0ms)
		AnalyzeDomain (239ms)
			TypeCache.Refresh (237ms)
				TypeCache.ScanAssembly (202ms)
			ScanForSourceGeneratedMonoScriptInfo (1ms)
			ResolveRequiredComponents (1ms)
	FinalizeReload (470ms)
		ReleaseScriptCaches (0ms)
		RebuildScriptCaches (0ms)
		SetupLoadedEditorAssemblies (378ms)
			LogAssemblyErrors (0ms)
			InitializePlatformSupportModulesInManaged (23ms)
			SetLoadedEditorAssemblies (13ms)
			RefreshPlugins (0ms)
			BeforeProcessingInitializeOnLoad (6ms)
			ProcessInitializeOnLoadAttributes (224ms)
			ProcessInitializeOnLoadMethodAttributes (112ms)
			AfterProcessingInitializeOnLoad (0ms)
			EditorAssembliesLoaded (0ms)
		ExecutionOrderSort2 (0ms)
		AwakeInstancesAfterBackupRestoration (0ms)
========================================================================
Worker process is ready to serve import requests
Begin MonoManager ReloadAssembly
- Loaded All Assemblies, in  1.119 seconds
Refreshing native plugins compatible for Editor in 7.17 ms, found 4 plugins.
Native extension for UWP target not found
Native extension for WindowsStandalone target not found
Package Manager log level set to [2]
[Package Manager] Server::EnsureServerProcessIsRunning -- launch failed, reason: Unity was launched with the -noUpm command-line argument
[Package Manager] UpmClient::Send -- Unable to send message (not connected to UPM process).
[Package Manager] Cannot connect to Unity Package Manager local server
Mono: successfully reloaded assembly
- Finished resetting the current domain, in  1.121 seconds
Domain Reload Profiling: 2235ms
	BeginReloadAssembly (231ms)
		ExecutionOrderSort (0ms)
		DisableScriptedObjects (9ms)
		BackupInstance (0ms)
		ReleaseScriptingObjects (0ms)
		CreateAndSetChildDomain (31ms)
	RebuildCommonClasses (55ms)
	RebuildNativeTypeToScriptingClass (19ms)
	initialDomainReloadingComplete (66ms)
	LoadAllAssembliesAndSetupDomain (742ms)
		LoadAssemblies (523ms)
		RebuildTransferFunctionScriptingTraits (0ms)
		AnalyzeDomain (357ms)
			TypeCache.Refresh (296ms)
				TypeCache.ScanAssembly (270ms)
			ScanForSourceGeneratedMonoScriptInfo (44ms)
			ResolveRequiredComponents (16ms)
	FinalizeReload (1122ms)
		ReleaseScriptCaches (0ms)
		RebuildScriptCaches (0ms)
		SetupLoadedEditorAssemblies (845ms)
			LogAssemblyErrors (0ms)
			InitializePlatformSupportModulesInManaged (11ms)
			SetLoadedEditorAssemblies (7ms)
			RefreshPlugins (0ms)
			BeforeProcessingInitializeOnLoad (159ms)
			ProcessInitializeOnLoadAttributes (540ms)
			ProcessInitializeOnLoadMethodAttributes (119ms)
			AfterProcessingInitializeOnLoad (9ms)
			EditorAssembliesLoaded (0ms)
		ExecutionOrderSort2 (0ms)
		AwakeInstancesAfterBackupRestoration (10ms)
Launched and connected shader compiler UnityShaderCompiler.exe after 0.07 seconds
Refreshing native plugins compatible for Editor in 7.46 ms, found 4 plugins.
Preloading 0 native plugins for Editor in 0.00 ms.
Unloading 5632 Unused Serialized files (Serialized files now loaded: 0)
Unloading 99 unused Assets / (0.9 MB). Loaded Objects now: 6077.
Memory consumption went from 211.7 MB to 210.8 MB.
Total: 10.080100 ms (FindLiveObjects: 0.798100 ms CreateObjectMapping: 0.721000 ms MarkObjects: 7.956300 ms  DeleteObjects: 0.603200 ms)

AssetImportParameters requested are different than current active one (requested -> active):
  custom:container-demuxer-ogg: 62fdf1f143b41e24485cea50d1cbac27 -> 
  custom:video-decoder-ogg-theora: a1e56fd34408186e4bbccfd4996cb3dc -> 
  custom:framework-win-MediaFoundation: 216162199b28c13a410421893ffa2e32 -> 
  custom:container-demuxer-webm: 4f35f7cbe854078d1ac9338744f61a02 -> 
  custom:container-muxer-webm: aa71ff27fc2769a1b78a27578f13a17b -> 
  custom:video-decoder-webm-vp8: 9c59270c3fd7afecdb556c50c9e8de78 -> 
  custom:AudioImporter_EditorPlatform: d09bf68614088b80899f8185d706f6e7 -> 
  custom:video-encoder-webm-vp8: eb34c28f22e8b96e1ab97ce403110664 -> 
  custom:audio-decoder-ogg-vorbis: bf7c407c2cedff20999df2af8eb42d56 -> 
  custom:audio-encoder-webm-vorbis: bf7c407c2cedff20999df2af8eb42d56 -> 
========================================================================
Received Import Request.
  Time since last request: 1431367.468382 seconds.
  path: Assets/UniversalRenderPipelineGlobalSettings.asset
  artifactKey: Guid(93b439a37f63240aca3dd4e01d978a9f) Importer(815301076,1909f56bfc062723c751e8b465ee728b)
Start importing Assets/UniversalRenderPipelineGlobalSettings.asset using Guid(93b439a37f63240aca3dd4e01d978a9f) Importer(815301076,1909f56bfc062723c751e8b465ee728b)  -> (artifact id: 'f1727ddcd5cc9398201a94a248afbe7b') in 0.020115 seconds
Number of updated asset objects reloaded before import = 0
Number of asset objects unloaded after import = 1
========================================================================
Received Prepare
Refreshing native plugins compatible for Editor in 8.46 ms, found 4 plugins.
Preloading 0 native plugins for Editor in 0.00 ms.
Unloading 17 Unused Serialized files (Serialized files now loaded: 0)
Unloading 17 unused Assets / (0.9 MB). Loaded Objects now: 6078.
Memory consumption went from 104.0 MB to 103.1 MB.
Total: 6.556400 ms (FindLiveObjects: 0.652100 ms CreateObjectMapping: 0.584000 ms MarkObjects: 4.835900 ms  DeleteObjects: 0.483400 ms)

Prepare: number of updated asset objects reloaded= 0
AssetImportParameters requested are different than current active one (requested -> active):
  custom:container-demuxer-ogg: 62fdf1f143b41e24485cea50d1cbac27 -> 
  custom:video-decoder-ogg-theora: a1e56fd34408186e4bbccfd4996cb3dc -> 
  custom:framework-win-MediaFoundation: 216162199b28c13a410421893ffa2e32 -> 
  custom:CustomObjectIndexerAttribute: a3ef5dd2817f97addfee359851a9dba5 -> 
  custom:container-demuxer-webm: 4f35f7cbe854078d1ac9338744f61a02 -> 
  custom:container-muxer-webm: aa71ff27fc2769a1b78a27578f13a17b -> 
  custom:video-decoder-webm-vp8: 9c59270c3fd7afecdb556c50c9e8de78 -> 
  custom:SearchIndexIgnoredProperties: e643bd26f0fe6173181afceb89e7c659 -> 
  custom:AudioImporter_EditorPlatform: d09bf68614088b80899f8185d706f6e7 -> 
  custom:video-encoder-webm-vp8: eb34c28f22e8b96e1ab97ce403110664 -> 
  custom:audio-decoder-ogg-vorbis: bf7c407c2cedff20999df2af8eb42d56 -> 
  custom:audio-encoder-webm-vorbis: bf7c407c2cedff20999df2af8eb42d56 -> 
========================================================================
Received Import Request.
  Time since last request: 165.540096 seconds.
  path: Assets/_MyFiles
  artifactKey: Guid(8e234102e8969434c84373bd8470d190) Importer(815301076,1909f56bfc062723c751e8b465ee728b)
Start importing Assets/_MyFiles using Guid(8e234102e8969434c84373bd8470d190) Importer(815301076,1909f56bfc062723c751e8b465ee728b)  -> (artifact id: '9898c17bea55d38af4ba680e8ffaee63') in 0.007761 seconds
Number of updated asset objects reloaded before import = 0
Number of asset objects unloaded after import = 0
========================================================================
Received Import Request.
  Time since last request: 1.530683 seconds.
  path: Assets/_MyFiles/LevelPlatforms
  artifactKey: Guid(4c7f29ebc7b5fc54a9e038b36f201c14) Importer(815301076,1909f56bfc062723c751e8b465ee728b)
Start importing Assets/_MyFiles/LevelPlatforms using Guid(4c7f29ebc7b5fc54a9e038b36f201c14) Importer(815301076,1909f56bfc062723c751e8b465ee728b)  -> (artifact id: '6003e6856e37feeb4bc3a52e881ebc2d') in 0.000783 seconds
Number of updated asset objects reloaded before import = 0
Number of asset objects unloaded after import = 0
========================================================================
Received Import Request.
  Time since last request: 0.067254 seconds.
  path: Assets/_MyFiles/LevelPlatforms/tn001.jpg
  artifactKey: Guid(041452d0a6919334a9bae49d92692a45) Importer(815301076,1909f56bfc062723c751e8b465ee728b)
Start importing Assets/_MyFiles/LevelPlatforms/tn001.jpg using Guid(041452d0a6919334a9bae49d92692a45) Importer(815301076,1909f56bfc062723c751e8b465ee728b)  -> (artifact id: 'b1377ab65ecd8e484775ceeea3f02b95') in 0.158986 seconds
Number of updated asset objects reloaded before import = 0
Number of asset objects unloaded after import = 3
========================================================================
Received Import Request.
  Time since last request: 0.000024 seconds.
  path: Assets/_MyFiles/LevelPlatforms/tn023.jpg
  artifactKey: Guid(32bfc5de4b34202418dc197c87851806) Importer(815301076,1909f56bfc062723c751e8b465ee728b)
Start importing Assets/_MyFiles/LevelPlatforms/tn023.jpg using Guid(32bfc5de4b34202418dc197c87851806) Importer(815301076,1909f56bfc062723c751e8b465ee728b)  -> (artifact id: 'a9738840490edfad67e59b6b98560ccd') in 0.023011 seconds
Number of updated asset objects reloaded before import = 0
Number of asset objects unloaded after import = 3
========================================================================
Received Import Request.
  Time since last request: 0.000025 seconds.
  path: Assets/_MyFiles/LevelPlatforms/tn044.jpg
  artifactKey: Guid(191ce70ded7f8e944a242cc0935f14d0) Importer(815301076,1909f56bfc062723c751e8b465ee728b)
Start importing Assets/_MyFiles/LevelPlatforms/tn044.jpg using Guid(191ce70ded7f8e944a242cc0935f14d0) Importer(815301076,1909f56bfc062723c751e8b465ee728b)  -> (artifact id: '32e957df348b64f81467b252856fb274') in 0.023206 seconds
Number of updated asset objects reloaded before import = 0
Number of asset objects unloaded after import = 3
========================================================================
Received Import Request.
  Time since last request: 0.000017 seconds.
  path: Assets/_MyFiles/LevelPlatforms/tn040.jpg
  artifactKey: Guid(a77183208a31c2245887a23c03e269c5) Importer(815301076,1909f56bfc062723c751e8b465ee728b)
Start importing Assets/_MyFiles/LevelPlatforms/tn040.jpg using Guid(a77183208a31c2245887a23c03e269c5) Importer(815301076,1909f56bfc062723c751e8b465ee728b)  -> (artifact id: '0caee37fe57a8c8736ccc3b2eb305b1a') in 0.023754 seconds
Number of updated asset objects reloaded before import = 0
Number of asset objects unloaded after import = 3
========================================================================
Received Import Request.
  Time since last request: 0.000018 seconds.
  path: Assets/_MyFiles/LevelPlatforms/tn011.jpg
  artifactKey: Guid(df69bb63c59d312429bb79ca9af5ffe7) Importer(815301076,1909f56bfc062723c751e8b465ee728b)
Start importing Assets/_MyFiles/LevelPlatforms/tn011.jpg using Guid(df69bb63c59d312429bb79ca9af5ffe7) Importer(815301076,1909f56bfc062723c751e8b465ee728b)  -> (artifact id: '2165b884a8cf6ff118574977bd5dde9d') in 0.026912 seconds
Number of updated asset objects reloaded before import = 0
Number of asset objects unloaded after import = 3
========================================================================
Received Import Request.
  Time since last request: 0.000019 seconds.
  path: Assets/_MyFiles/LevelPlatforms/tn014.jpg
  artifactKey: Guid(8180daea7ca405d43b143b99b461250e) Importer(815301076,1909f56bfc062723c751e8b465ee728b)
Start importing Assets/_MyFiles/LevelPlatforms/tn014.jpg using Guid(8180daea7ca405d43b143b99b461250e) Importer(815301076,1909f56bfc062723c751e8b465ee728b)  -> (artifact id: '4a3d098f1ab0da33edf4fdae1258b80a') in 0.025483 seconds
Number of updated asset objects reloaded before import = 0
Number of asset objects unloaded after import = 3
========================================================================
Received Import Request.
  Time since last request: 0.000018 seconds.
  path: Assets/_MyFiles/LevelPlatforms/tn015.jpg
  artifactKey: Guid(028c13da9668ce3499697e46c9b81d02) Importer(815301076,1909f56bfc062723c751e8b465ee728b)
Start importing Assets/_MyFiles/LevelPlatforms/tn015.jpg using Guid(028c13da9668ce3499697e46c9b81d02) Importer(815301076,1909f56bfc062723c751e8b465ee728b)  -> (artifact id: '484a6a57202883da3bbbbcebafdf4efb') in 0.021907 seconds
Number of updated asset objects reloaded before import = 0
Number of asset objects unloaded after import = 3
========================================================================
Received Import Request.
  Time since last request: 0.000017 seconds.
  path: Assets/_MyFiles/LevelPlatforms/tn033.jpg
  artifactKey: Guid(93af5950f9c03b74d906db388cc70a33) Importer(815301076,1909f56bfc062723c751e8b465ee728b)
Start importing Assets/_MyFiles/LevelPlatforms/tn033.jpg using Guid(93af5950f9c03b74d906db388cc70a33) Importer(815301076,1909f56bfc062723c751e8b465ee728b)  -> (artifact id: 'c31b1567da5a0120d06914da53e7917d') in 0.040833 seconds
Number of updated asset objects reloaded before import = 0
Number of asset objects unloaded after import = 3
========================================================================
Received Import Request.
  Time since last request: 0.000021 seconds.
  path: Assets/_MyFiles/LevelPlatforms/tn043.jpg
  artifactKey: Guid(97a1f78cccc1cd141a5bea34b954223a) Importer(815301076,1909f56bfc062723c751e8b465ee728b)
Start importing Assets/_MyFiles/LevelPlatforms/tn043.jpg using Guid(97a1f78cccc1cd141a5bea34b954223a) Importer(815301076,1909f56bfc062723c751e8b465ee728b)  -> (artifact id: '4877355c713afaa8fc33044bd28fa5ca') in 0.024044 seconds
Number of updated asset objects reloaded before import = 0
Number of asset objects unloaded after import = 3
========================================================================
Received Import Request.
  Time since last request: 0.000029 seconds.
  path: Assets/_MyFiles/LevelPlatforms/tn035.jpg
  artifactKey: Guid(fe6d971aae6416141920996adee10e4f) Importer(815301076,1909f56bfc062723c751e8b465ee728b)
Start importing Assets/_MyFiles/LevelPlatforms/tn035.jpg using Guid(fe6d971aae6416141920996adee10e4f) Importer(815301076,1909f56bfc062723c751e8b465ee728b)  -> (artifact id: 'dc19fc4b1c7f7fa7f173e6f756d9f1ac') in 0.026184 seconds
Number of updated asset objects reloaded before import = 0
Number of asset objects unloaded after import = 3
========================================================================
Received Import Request.
  Time since last request: 0.000018 seconds.
  path: Assets/_MyFiles/LevelPlatforms/tn005.jpg
  artifactKey: Guid(29198c3f45efb2e46b95393a23b278cc) Importer(815301076,1909f56bfc062723c751e8b465ee728b)
Start importing Assets/_MyFiles/LevelPlatforms/tn005.jpg using Guid(29198c3f45efb2e46b95393a23b278cc) Importer(815301076,1909f56bfc062723c751e8b465ee728b)  -> (artifact id: '7e9ad1554319c544a51940cad3f736e5') in 0.021968 seconds
Number of updated asset objects reloaded before import = 0
Number of asset objects unloaded after import = 3
========================================================================
Received Import Request.
  Time since last request: 0.000018 seconds.
  path: Assets/_MyFiles/LevelPlatforms/tn024.jpg
  artifactKey: Guid(cfe38018f67f52b4fb3d54fe259ba7cf) Importer(815301076,1909f56bfc062723c751e8b465ee728b)
Start importing Assets/_MyFiles/LevelPlatforms/tn024.jpg using Guid(cfe38018f67f52b4fb3d54fe259ba7cf) Importer(815301076,1909f56bfc062723c751e8b465ee728b)  -> (artifact id: '9997335916f6dbf61768a9ad5b1daeba') in 0.024751 seconds
Number of updated asset objects reloaded before import = 0
Number of asset objects unloaded after import = 3
========================================================================
Received Import Request.
  Time since last request: 0.000017 seconds.
  path: Assets/_MyFiles/LevelPlatforms/tn032.jpg
  artifactKey: Guid(f311d6257f4628a40b7a300b6be1c63f) Importer(815301076,1909f56bfc062723c751e8b465ee728b)
Start importing Assets/_MyFiles/LevelPlatforms/tn032.jpg using Guid(f311d6257f4628a40b7a300b6be1c63f) Importer(815301076,1909f56bfc062723c751e8b465ee728b)  -> (artifact id: '48ee0d09016ac623affb52a97e651964') in 0.019952 seconds
Number of updated asset objects reloaded before import = 0
Number of asset objects unloaded after import = 3
========================================================================
Received Import Request.
  Time since last request: 0.000017 seconds.
  path: Assets/_MyFiles/LevelPlatforms/tn013.jpg
  artifactKey: Guid(ac714f7d2ba951946bf6baacfae64354) Importer(815301076,1909f56bfc062723c751e8b465ee728b)
Start importing Assets/_MyFiles/LevelPlatforms/tn013.jpg using Guid(ac714f7d2ba951946bf6baacfae64354) Importer(815301076,1909f56bfc062723c751e8b465ee728b)  -> (artifact id: '61de55275ecd4855979a7a8745d98660') in 0.022673 seconds
Number of updated asset objects reloaded before import = 0
Number of asset objects unloaded after import = 3
========================================================================
Received Import Request.
  Time since last request: 0.000026 seconds.
  path: Assets/_MyFiles/LevelPlatforms/tn037.jpg
  artifactKey: Guid(426cc9d3ddd477e4db17792ebaa20e04) Importer(815301076,1909f56bfc062723c751e8b465ee728b)
Start importing Assets/_MyFiles/LevelPlatforms/tn037.jpg using Guid(426cc9d3ddd477e4db17792ebaa20e04) Importer(815301076,1909f56bfc062723c751e8b465ee728b)  -> (artifact id: 'a006caccd2a9a3a77038945ea2caf59f') in 0.019092 seconds
Number of updated asset objects reloaded before import = 0
Number of asset objects unloaded after import = 3
========================================================================
Received Import Request.
  Time since last request: 0.000020 seconds.
  path: Assets/_MyFiles/LevelPlatforms/tn045.jpg
  artifactKey: Guid(d0b35287357e94c4ba95f73db9f24aeb) Importer(815301076,1909f56bfc062723c751e8b465ee728b)
Start importing Assets/_MyFiles/LevelPlatforms/tn045.jpg using Guid(d0b35287357e94c4ba95f73db9f24aeb) Importer(815301076,1909f56bfc062723c751e8b465ee728b)  -> (artifact id: 'e658a038cb16d77436e826e2b78c62a0') in 0.021341 seconds
Number of updated asset objects reloaded before import = 0
Number of asset objects unloaded after import = 3
========================================================================
Received Import Request.
  Time since last request: 0.000027 seconds.
  path: Assets/_MyFiles/LevelPlatforms/tn029.jpg
  artifactKey: Guid(6197bc9c0c8db054aa23e96e6fa6e403) Importer(815301076,1909f56bfc062723c751e8b465ee728b)
Start importing Assets/_MyFiles/LevelPlatforms/tn029.jpg using Guid(6197bc9c0c8db054aa23e96e6fa6e403) Importer(815301076,1909f56bfc062723c751e8b465ee728b)  -> (artifact id: 'cda71b18c23c6d2907cd1845afd011f9') in 0.018833 seconds
Number of updated asset objects reloaded before import = 0
Number of asset objects unloaded after import = 3
========================================================================
Received Import Request.
  Time since last request: 0.000017 seconds.
  path: Assets/_MyFiles/LevelPlatforms/tn039.jpg
  artifactKey: Guid(e453996173edef244a4ea12a4988cec3) Importer(815301076,1909f56bfc062723c751e8b465ee728b)
Start importing Assets/_MyFiles/LevelPlatforms/tn039.jpg using Guid(e453996173edef244a4ea12a4988cec3) Importer(815301076,1909f56bfc062723c751e8b465ee728b)  -> (artifact id: '7e0fe013920f0ba481113b6ba6d748cf') in 0.021645 seconds
Number of updated asset objects reloaded before import = 0
Number of asset objects unloaded after import = 3
========================================================================
Received Import Request.
  Time since last request: 0.000018 seconds.
  path: Assets/_MyFiles/LevelPlatforms/tn008.jpg
  artifactKey: Guid(23a985d1e4d91ee44b4d9f6e02ab79ca) Importer(815301076,1909f56bfc062723c751e8b465ee728b)
Start importing Assets/_MyFiles/LevelPlatforms/tn008.jpg using Guid(23a985d1e4d91ee44b4d9f6e02ab79ca) Importer(815301076,1909f56bfc062723c751e8b465ee728b)  -> (artifact id: '232d31285c134373be9cf128520e1306') in 0.018255 seconds
Number of updated asset objects reloaded before import = 0
Number of asset objects unloaded after import = 3
========================================================================
Received Import Request.
  Time since last request: 0.000018 seconds.
  path: Assets/_MyFiles/LevelPlatforms/tn016.jpg
  artifactKey: Guid(1647ebbc3948b584ea7341b89c996b7a) Importer(815301076,1909f56bfc062723c751e8b465ee728b)
Start importing Assets/_MyFiles/LevelPlatforms/tn016.jpg using Guid(1647ebbc3948b584ea7341b89c996b7a) Importer(815301076,1909f56bfc062723c751e8b465ee728b)  -> (artifact id: 'c10efb755b1bea173cddf8b2c7f91cd1') in 0.022817 seconds
Number of updated asset objects reloaded before import = 0
Number of asset objects unloaded after import = 3
========================================================================
Received Import Request.
  Time since last request: 0.000017 seconds.
  path: Assets/_MyFiles/LevelPlatforms/tn018.jpg
  artifactKey: Guid(019a98f9ef11614468833313675e6e6f) Importer(815301076,1909f56bfc062723c751e8b465ee728b)
Start importing Assets/_MyFiles/LevelPlatforms/tn018.jpg using Guid(019a98f9ef11614468833313675e6e6f) Importer(815301076,1909f56bfc062723c751e8b465ee728b)  -> (artifact id: '6f3cb6f37e0370ca8c117e702c37fbbc') in 0.021403 seconds
Number of updated asset objects reloaded before import = 0
Number of asset objects unloaded after import = 3
========================================================================
Received Import Request.
  Time since last request: 0.000017 seconds.
  path: Assets/_MyFiles/LevelPlatforms/tn028.jpg
  artifactKey: Guid(8e9e49ca663db3d48a405d4719f53e08) Importer(815301076,1909f56bfc062723c751e8b465ee728b)
Start importing Assets/_MyFiles/LevelPlatforms/tn028.jpg using Guid(8e9e49ca663db3d48a405d4719f53e08) Importer(815301076,1909f56bfc062723c751e8b465ee728b)  -> (artifact id: 'be5ab739a759b40d46cdfe4b3dfa98f1') in 0.020780 seconds
Number of updated asset objects reloaded before import = 0
Number of asset objects unloaded after import = 3
========================================================================
Received Import Request.
  Time since last request: 0.000017 seconds.
  path: Assets/_MyFiles/LevelPlatforms/tn041.jpg
  artifactKey: Guid(e4505b94b519f8e469a2e151570f4e20) Importer(815301076,1909f56bfc062723c751e8b465ee728b)
Start importing Assets/_MyFiles/LevelPlatforms/tn041.jpg using Guid(e4505b94b519f8e469a2e151570f4e20) Importer(815301076,1909f56bfc062723c751e8b465ee728b)  -> (artifact id: '35e26f4f6f2bd3aa8272a1313ce61419') in 0.019810 seconds
Number of updated asset objects reloaded before import = 0
Number of asset objects unloaded after import = 3
========================================================================
Received Import Request.
  Time since last request: 0.000021 seconds.
  path: Assets/_MyFiles/LevelPlatforms/tn003.jpg
  artifactKey: Guid(2bcec6d4f7c4b4840880a724af72ba07) Importer(815301076,1909f56bfc062723c751e8b465ee728b)
Start importing Assets/_MyFiles/LevelPlatforms/tn003.jpg using Guid(2bcec6d4f7c4b4840880a724af72ba07) Importer(815301076,1909f56bfc062723c751e8b465ee728b)  -> (artifact id: '498b8eca0f55ac74f2bc5a2c7aab85ef') in 0.019005 seconds
Number of updated asset objects reloaded before import = 0
Number of asset objects unloaded after import = 3
Editor requested this worker to shutdown with reason: Scaling down because of idle timeout
TcpMessagingSession - receive error: operation aborted. errorcode: 995, details: The I/O operation has been aborted because of either a thread exit or an application request.
AssetImportWorker is now disconnected from the server
Process exiting
Exiting without the bug reporter. Application will terminate with return code 0